<?xml version="1.0" encoding="UTF-8"?>
<testsuite name="LunchClubTest" tests="5" skipped="0" failures="0" errors="0" timestamp="2024-11-24T17:22:05" hostname="QUANTUM" time="0.017">
  <properties/>
  <testcase name="moo()" classname="LunchClubTest" time="0.013"/>
  <testcase name="addGroupToLine_addTwoPeople_fiveMembers()" classname="LunchClubTest" time="0.002"/>
  <testcase name="getMembersInLine_called_lineContainsOriginalMembers()" classname="LunchClubTest" time="0.0"/>
  <testcase name="serveMember_removeFirstMember_twoMembers()" classname="LunchClubTest" time="0.0"/>
  <testcase name="addMemberToLine_addOneMember_fourMembers()" classname="LunchClubTest" time="0.0"/>
  <system-out><![CDATA[]]></system-out>
  <system-err><![CDATA[]]></system-err>
</testsuite>
